<?xml version="1.0" encoding="UTF-8"?>
<testng-results ignored="0" total="2" passed="2" failed="0" skipped="0">
  <reporter-output>
  </reporter-output>
  <suite started-at="2021-04-19T12:11:06 TRT" name="Default suite" finished-at="2021-04-19T12:11:09 TRT" duration-ms="2457">
    <groups>
    </groups>
    <test started-at="2021-04-19T12:11:06 TRT" name="Default test" finished-at="2021-04-19T12:11:09 TRT" duration-ms="2457">
      <class name="OMDBSearch.OMDBSearchTestCases">
        <test-method signature="getMoviesbyTitle()[pri:0, instance:OMDBSearch.OMDBSearchTestCases@3541cb24]" started-at="2021-04-19T12:11:06 TRT" name="getMoviesbyTitle" finished-at="2021-04-19T12:11:08 TRT" duration-ms="2102" status="PASS">
          <reporter-output>
          </reporter-output>
        </test-method> <!-- getMoviesbyTitle -->
        <test-method signature="getMoviesbyID()[pri:0, instance:OMDBSearch.OMDBSearchTestCases@3541cb24]" started-at="2021-04-19T12:11:09 TRT" name="getMoviesbyID" finished-at="2021-04-19T12:11:09 TRT" depends-on-methods="OMDBSearch.OMDBSearchTestCases.getMoviesbyTitle" duration-ms="226" status="PASS">
          <reporter-output>
          </reporter-output>
        </test-method> <!-- getMoviesbyID -->
      </class> <!-- OMDBSearch.OMDBSearchTestCases -->
    </test> <!-- Default test -->
  </suite> <!-- Default suite -->
</testng-results>
